{
  "RSpec": {
    "coverage": {
      "/Users/sandy-cochrane/Projects/bank_tech_test/spec/bank_account_spec.rb": [
        1,
        1,
        1,
        1,
        null,
        null,
        1,
        1,
        1,
        null,
        null
      ],
      "/Users/sandy-cochrane/Projects/bank_tech_test/spec/feature/create_new_account_spec.rb": [
        1,
        null,
        1,
        1,
        1,
        1,
        null,
        null
      ],
      "/Users/sandy-cochrane/Projects/bank_tech_test/model/BankAccount.rb": [
        1,
        null,
        1,
        null,
        1,
        null,
        1,
        5,
        null,
        null,
        1,
        2,
        null,
        null,
        1,
        1,
        null,
        null,
        null
      ],
      "/Users/sandy-cochrane/Projects/bank_tech_test/spec/feature/deposit_funds_spec.rb": [
        1,
        1,
        1,
        1,
        1,
        null,
        null
      ],
      "/Users/sandy-cochrane/Projects/bank_tech_test/spec/feature/withdraw_funds_feature_spec.rb": [
        1,
        1,
        1,
        1,
        1,
        1,
        null,
        null
      ]
    },
    "timestamp": 1497271497
  }
}
